<?xml version="1.0" encoding="UTF-8"?>
<testsuite xmlns:xsi="http://www.w3.org/2001/XMLSchema-instance" xsi:noNamespaceSchemaLocation="https://maven.apache.org/surefire/maven-surefire-plugin/xsd/surefire-test-report.xsd" version="3.0.2" name="customer.incident_management.IncidentsODataTests" time="5.841" tests="5" errors="0" skipped="0" failures="0">
  <properties>
[...]
</properties>
  <testcase name="draftIncident" classname="customer.incident_management.IncidentsODataTests" time="1.089">
    <system-out><![CDATA[10:31:54.281 [main] INFO org.springframework.test.context.support.AnnotationConfigContextLoaderUtils -- Could not detect default configuration classes for test class [customer.incident_management.IncidentsODataTests]: IncidentsODataTests does not declare any static, non-private, non-final, nested classes annotated with @Configuration.
10:31:54.374 [main] INFO org.springframework.boot.test.context.SpringBootTestContextBootstrapper -- Found @SpringBootConfiguration customer.incident_management.Application for test class customer.incident_management.IncidentsODataTests
10:31:54.487 [main] INFO org.springframework.boot.devtools.restart.RestartApplicationListener -- Restart disabled due to context in which it is running

  .   ____          _            __ _ _
 /\\ / ___'_ __ _ _(_)_ __  __ _ \ \ \ \
( ( )\___ | '_ | '_| | '_ \/ _` | \ \ \ \
 \\/  ___)| |_)| | | | | || (_| |  ) ) ) )
  '  |____| .__|_| |_|_| |_\__, | / / / /
 =========|_|==============|___/=/_/_/_/

 :: Spring Boot ::                (v3.4.0)

2025-01-24T10:31:55.012Z  WARN 49452 --- [           main] ory$DuplicateJsonObjectContextCustomizer : 

Found multiple occurrences of org.json.JSONObject on the class path:

	jar:file:/home/user/.m2/repository/org/json/json/20240303/json-20240303.jar!/org/json/JSONObject.class
	jar:file:/home/user/.m2/repository/com/vaadin/external/google/android-json/0.0.20131108.vaadin1/android-json-0.0.20131108.vaadin1.jar!/org/json/JSONObject.class

You may wish to exclude one of them to ensure predictable runtime behavior

2025-01-24T10:31:55.054Z  INFO 49452 --- [           main] c.i.IncidentsODataTests                  : Starting IncidentsODataTests using Java 21.0.2 with PID 49452 (started by user in /home/user/projects/incident-management/srv)
2025-01-24T10:31:55.058Z  INFO 49452 --- [           main] c.i.IncidentsODataTests                  : No active profile set, falling back to 1 default profile: "default"
2025-01-24T10:31:55.764Z  INFO 49452 --- [           main] c.s.c.services.impl.utils.CdsModelUtils  : Loaded CDS model from CSN resource path 'edmx/csn.json'
2025-01-24T10:31:55.785Z  INFO 49452 --- [           main] c.s.c.services.impl.ServiceCatalogImpl   : Registered service OutboxService$InMemory
2025-01-24T10:31:55.787Z  INFO 49452 --- [           main] c.s.c.services.impl.ServiceCatalogImpl   : Registered service ApplicationLifecycleService$Default
2025-01-24T10:31:55.787Z  INFO 49452 --- [           main] c.s.c.services.impl.ServiceCatalogImpl   : Registered service AuthorizationService$Default
2025-01-24T10:31:55.789Z  INFO 49452 --- [           main] c.s.c.services.impl.ServiceCatalogImpl   : Registered service TenantProviderService$Default
2025-01-24T10:31:55.790Z  INFO 49452 --- [           main] c.s.c.services.impl.ServiceCatalogImpl   : Registered service DeploymentService$Default
2025-01-24T10:31:55.794Z  INFO 49452 --- [           main] c.s.c.services.impl.ServiceCatalogImpl   : Registered service AuditLogService$Default
2025-01-24T10:31:55.806Z  INFO 49452 --- [           main] c.s.c.services.impl.ServiceCatalogImpl   : Registered service ProcessorService
2025-01-24T10:31:55.808Z  INFO 49452 --- [           main] c.s.c.services.impl.ServiceCatalogImpl   : Registered service AdminService
2025-01-24T10:31:55.809Z  INFO 49452 --- [           main] .s.c.r.CdsRuntimeBeanDefinitionRegistrar : Auto-configuration of DataSource beans is explicitly disabled.
2025-01-24T10:31:56.508Z  INFO 49452 --- [           main] com.zaxxer.hikari.HikariDataSource       : HikariPool-1 - Starting...
2025-01-24T10:31:56.811Z  INFO 49452 --- [           main] com.zaxxer.hikari.pool.HikariPool        : HikariPool-1 - Added connection conn0: url=jdbc:h2:mem:8fffd59c-8555-42c6-aa95-77f05569b1b2 user=SA
2025-01-24T10:31:56.812Z  INFO 49452 --- [           main] com.zaxxer.hikari.HikariDataSource       : HikariPool-1 - Start completed.
2025-01-24T10:31:56.900Z  INFO 49452 --- [           main] c.s.c.services.impl.ServiceCatalogImpl   : Registered service PersistenceService$Default
2025-01-24T10:31:56.926Z  INFO 49452 --- [           main] c.s.c.f.s.c.adapter.AdapterBeanFactory   : Servlet CdsODataV4Servlet mapped to /odata/v4
2025-01-24T10:31:56.935Z  INFO 49452 --- [           main] c.s.c.f.s.c.adapter.AdapterBeanFactory   : Servlet IndexPageServlet mapped to /
2025-01-24T10:31:56.940Z  INFO 49452 --- [           main] c.s.c.f.s.c.adapter.AdapterBeanFactory   : Servlet CdsFioriPreviewServlet mapped to /$fiori-preview
2025-01-24T10:31:56.944Z  INFO 49452 --- [           main] c.s.c.f.s.c.adapter.AdapterBeanFactory   : Servlet SaasProvisioningServlet mapped to /mt/v1.0/subscriptions
2025-01-24T10:31:57.685Z  INFO 49452 --- [           main] o.s.b.a.e.web.EndpointLinksResolver      : Exposing 1 endpoint beneath base path '/actuator'
2025-01-24T10:31:57.777Z  INFO 49452 --- [           main] c.s.c.f.s.c.a.m.MockUsersSecurityConfig  : Added mock user {"name":"privileged","password":"","systemUser":false,"privileged":true,"internalUser":false,"roles":[],"attributes":{},"additional":{},"valid":true}
2025-01-24T10:31:57.778Z  INFO 49452 --- [           main] c.s.c.f.s.c.a.m.MockUsersSecurityConfig  : Added mock user {"name":"authenticated","password":"","systemUser":false,"privileged":false,"internalUser":false,"roles":[],"attributes":{},"additional":{},"valid":true}
2025-01-24T10:31:57.778Z  INFO 49452 --- [           main] c.s.c.f.s.c.a.m.MockUsersSecurityConfig  : Added mock user {"name":"alice","password":"","systemUser":false,"privileged":false,"internalUser":false,"roles":["admin","support"],"attributes":{},"additional":{},"valid":true}
2025-01-24T10:31:57.778Z  INFO 49452 --- [           main] c.s.c.f.s.c.a.m.MockUsersSecurityConfig  : Added mock user {"name":"internal","password":"","systemUser":false,"privileged":false,"internalUser":true,"roles":[],"attributes":{},"additional":{},"valid":true}
2025-01-24T10:31:57.778Z  INFO 49452 --- [           main] c.s.c.f.s.c.a.m.MockUsersSecurityConfig  : Added mock user {"name":"system","password":"","systemUser":true,"privileged":false,"internalUser":false,"roles":[],"attributes":{},"additional":{},"valid":true}
2025-01-24T10:31:57.778Z  INFO 49452 --- [           main] c.s.c.f.s.c.a.m.MockUsersSecurityConfig  : Added mock user {"name":"bob","password":"","systemUser":false,"privileged":false,"internalUser":false,"roles":["support"],"attributes":{},"additional":{},"valid":true}
2025-01-24T10:31:57.804Z  INFO 49452 --- [           main] c.s.c.f.s.c.a.m.MockUsersSecurityConfig  : *************************************************************************
2025-01-24T10:31:57.805Z  INFO 49452 --- [           main] c.s.c.f.s.c.a.m.MockUsersSecurityConfig  : *  Security configuration based on mock users found in active profile.  *
2025-01-24T10:31:57.805Z  INFO 49452 --- [           main] c.s.c.f.s.c.a.m.MockUsersSecurityConfig  : *                 !!! NEVER USE IN PRODUCTIVE MODE !!!                  *
2025-01-24T10:31:57.805Z  INFO 49452 --- [           main] c.s.c.f.s.c.a.m.MockUsersSecurityConfig  : *************************************************************************
2025-01-24T10:31:57.928Z  INFO 49452 --- [           main] c.s.c.s.impl.runtime.CdsRuntimeImpl      : Registered handler class customer.incident_management.handler.ProcessorServiceHandler
2025-01-24T10:31:57.955Z  INFO 49452 --- [           main] .s.c.a.o.v.m.p.EdmxProviderConfiguration : Initialized Default EDMX V4 Provider
2025-01-24T10:31:57.976Z  INFO 49452 --- [           main] .s.c.a.o.v.m.p.EdmxProviderConfiguration : Initialized Default EDMX I18n Provider
2025-01-24T10:31:58.042Z  INFO 49452 --- [           main] c.sap.cds.services.impl.utils.BuildInfo  : git.commit.id: 69c5fa6eb5f1690468118bb77e8644821115a42e
2025-01-24T10:31:58.042Z  INFO 49452 --- [           main] c.sap.cds.services.impl.utils.BuildInfo  : maven.version: 3.6.0
2025-01-24T10:31:58.169Z  INFO 49452 --- [           main] c.s.c.s.impl.persistence.CsvDataLoader   : Filling sap.capire.incidents.Customers from ../db/data/sap.capire.incidents-Customers.csv
2025-01-24T10:31:58.183Z  INFO 49452 --- [           main] c.s.c.s.impl.persistence.CsvDataLoader   : Filling sap.capire.incidents.Incidents from ../db/data/sap.capire.incidents-Incidents.csv
2025-01-24T10:31:58.186Z  INFO 49452 --- [           main] c.s.c.s.impl.persistence.CsvDataLoader   : Filling sap.capire.incidents.Status from ../db/data/sap.capire.incidents-Status.csv
2025-01-24T10:31:58.204Z  INFO 49452 --- [           main] c.s.c.s.impl.persistence.CsvDataLoader   : Filling sap.capire.incidents.Incidents.conversation from ../db/data/sap.capire.incidents-Incidents.conversation.csv
2025-01-24T10:31:58.208Z  INFO 49452 --- [           main] c.s.c.s.impl.persistence.CsvDataLoader   : Filling sap.capire.incidents.Addresses from ../db/data/sap.capire.incidents-Addresses.csv
2025-01-24T10:31:58.210Z  INFO 49452 --- [           main] c.s.c.s.impl.persistence.CsvDataLoader   : Filling sap.capire.incidents.Urgency from ../db/data/sap.capire.incidents-Urgency.csv
2025-01-24T10:31:58.452Z  INFO 49452 --- [           main] o.s.b.t.m.w.SpringBootMockServletContext : Initializing Spring TestDispatcherServlet ''
2025-01-24T10:31:58.452Z  INFO 49452 --- [           main] o.s.t.web.servlet.TestDispatcherServlet  : Initializing Servlet ''
2025-01-24T10:31:58.454Z  INFO 49452 --- [           main] o.s.t.web.servlet.TestDispatcherServlet  : Completed initialization in 2 ms
2025-01-24T10:31:58.529Z  INFO 49452 --- [           main] c.i.IncidentsODataTests                  : Started IncidentsODataTests in 4.048 seconds (process running for 4.949)
2025-01-24T10:31:59.317Z  INFO 49452 --- [           main] c.s.c.a.odata.v4.metadata.MetadataInfo   : Loading OData V4 metadata for service 'ProcessorService'
Incident ID : 2622e8f5-84ca-4312-972c-6aeb463706c1
2025-01-24T10:31:59.714Z  INFO 49452 --- [           main] c.i.handler.ProcessorServiceHandler      : Adjusted Urgency for incident 'Urgent attention required!' to 'HIGH'.
]]></system-out>
    <system-err><![CDATA[Mockito is currently self-attaching to enable the inline-mock-maker. This will no longer work in future releases of the JDK. Please add Mockito as an agent to your build what is described in Mockito's documentation: https://javadoc.io/doc/org.mockito/mockito-core/latest/org/mockito/Mockito.html#0.3
WARNING: A Java agent has been loaded dynamically (/home/user/.m2/repository/net/bytebuddy/byte-buddy-agent/1.15.10/byte-buddy-agent-1.15.10.jar)
WARNING: If a serviceability tool is in use, please run with -XX:+EnableDynamicAgentLoading to hide this warning
WARNING: If a serviceability tool is not in use, please run with -Djdk.instrument.traceUsage for more information
WARNING: Dynamic loading of agents will be disallowed by default in a future release
]]></system-err>
  </testcase>
  <testcase name="incidentReturned(MockMvc)" classname="customer.incident_management.IncidentsODataTests" time="0.049"/>
  <testcase name="updateIncident" classname="customer.incident_management.IncidentsODataTests" time="0.07">
    <system-out><![CDATA[2025-01-24T10:31:59.846Z  INFO 49452 --- [           main] c.i.handler.ProcessorServiceHandler      : Adjusted Urgency for incident 'Urgent attention required!' to 'HIGH'.
Incident ID : 0e97d6ac-37db-4ca9-8075-1f43e59d7afe
status code : C
2025-01-24T10:31:59.892Z  INFO 49452 --- [           main] c.s.c.a.o.v4.processors.CdsProcessor     : Exception marked the ChangeSet 16 as cancelled: Can't modify a closed incident (service 'ProcessorService', event 'UPDATE', entity 'ProcessorService.Incidents')
]]></system-out>
  </testcase>
  <testcase name="customertReturned" classname="customer.incident_management.IncidentsODataTests" time="0.021"/>
  <testcase name="expandEntityEndpoint" classname="customer.incident_management.IncidentsODataTests" time="0.043"/>
</testsuite>